A D/b-speedway////
A D/dirt-1////
A D/dirt-2////
A D/dirt-3////
A D/dirt-4////
A D/dirt-5////
A D/dirt-6////
A D/e-track-1////
A D/e-track-2////
A D/e-track-3////
A D/e-track-4////
A D/e-track-5////
A D/e-track-6////
A D/g-track-2////
A D/g-track-3////
A D/mixed-1////
A D/mixed-2////
A D/spring////
A D/wheel-1////
R D/wheel-1////
R D/spring////
R D/mixed-2////
R D/mixed-1////
R D/g-track-3////
R D/g-track-2////
R D/e-track-6////
R D/e-track-5////
R D/e-track-4////
R D/e-track-3////
R D/e-track-2////
R D/e-track-1////
R D/dirt-6////
R D/dirt-5////
R D/dirt-4////
R D/dirt-3////
R D/dirt-1////
R D/b-speedway////
